[debug] [2023-05-21T14:12:07.244Z] ----------------------------------------------------------------------
[debug] [2023-05-21T14:12:07.246Z] Command:       C:\Program Files\nodejs\node.exe C:\Users\samsung\AppData\Roaming\npm\node_modules\firebase-tools\lib\bin\firebase.js init hosting
[debug] [2023-05-21T14:12:07.246Z] CLI Version:   12.1.0
[debug] [2023-05-21T14:12:07.247Z] Platform:      win32
[debug] [2023-05-21T14:12:07.247Z] Node Version:  v16.17.0
[debug] [2023-05-21T14:12:07.247Z] Time:          Sun May 21 2023 23:12:07 GMT+0900 (대한민국 표준시)
[debug] [2023-05-21T14:12:07.248Z] ----------------------------------------------------------------------
[debug] 
[debug] [2023-05-21T14:12:07.254Z] > command requires scopes: ["email","openid","https://www.googleapis.com/auth/cloudplatformprojects.readonly","https://www.googleapis.com/auth/firebase","https://www.googleapis.com/auth/cloud-platform"]
[debug] [2023-05-21T14:12:07.254Z] > authorizing via signed-in user (victoria04060712@gmail.com)
[info] 
     ######## #### ########  ######## ########     ###     ######  ########
     ##        ##  ##     ## ##       ##     ##  ##   ##  ##       ##
     ######    ##  ########  ######   ########  #########  ######  ######
     ##        ##  ##    ##  ##       ##     ## ##     ##       ## ##
     ##       #### ##     ## ######## ########  ##     ##  ######  ########

You're about to initialize a Firebase project in this directory:

  C:\Users\samsung\web3\hardhat-boilerplate

[info] 
=== Project Setup
[info] 
[info] First, let's associate this project directory with a Firebase project.
[info] You can create multiple project aliases by running firebase use --add, 
[info] but for now we'll just set up a default project.
[info] 
[debug] [2023-05-21T14:12:11.283Z] >>> [apiv2][query] GET https://firebase.googleapis.com/v1beta1/projects pageSize=100
[debug] [2023-05-21T14:12:12.026Z] <<< [apiv2][status] GET https://firebase.googleapis.com/v1beta1/projects 200
[debug] [2023-05-21T14:12:12.026Z] <<< [apiv2][body] GET https://firebase.googleapis.com/v1beta1/projects [omitted]
[info] i  Using project minbaktokenmetadata (MinBakTokenMetadata) 
[info] 
=== Hosting Setup
[info] 
[info] Your public directory is the folder (relative to your project directory) that
[info] will contain Hosting assets to be uploaded with firebase deploy. If you
[info] have a build process for your assets, use your build's output directory.
[info] 
